<?xml version="1.0" encoding="UTF-8"?>
<!-- Generated by org.testng.reporters.JUnitReportReporter -->
<testsuite hostname="Einstein-computer" failures="0" tests="1" name="com.Testing.TestNg" time="0.055" errors="0" timestamp="2025-09-15T15:38:29 IST" skipped="0">
  <testcase classname="com.Testing.TestNg" name="one" time="0.055"/>
</testsuite> <!-- com.Testing.TestNg -->
